<?xml version="1.0" encoding="UTF-8"?>
<testsuite name="AddTest" tests="1" skipped="0" failures="0" errors="0" timestamp="2020-01-23T13:28:44" hostname="recruit-ThinkCentre-M73" time="0.012">
  <properties/>
  <testcase name="addDifferentDelimitersOfAnyLength()" classname="AddTest" time="0.012"/>
  <system-out><![CDATA[]]></system-out>
  <system-err><![CDATA[]]></system-err>
</testsuite>
