<?xml version="1.0" encoding="UTF-8"?>
<testsuite name="AddTest" tests="1" skipped="0" failures="0" errors="0" timestamp="2020-01-27T08:19:07" hostname="recruit-ThinkCentre-M73" time="0.02">
  <properties/>
  <testcase name="addDifferentDelimitersOfAnyLength()" classname="AddTest" time="0.02"/>
  <system-out><![CDATA[Invalid input
]]></system-out>
  <system-err><![CDATA[]]></system-err>
</testsuite>
